This file contains any messages produced by compilers while
running configure, to aid debugging if configure makes a mistake.

It was created by configure, which was
generated by GNU Autoconf 2.61.  Invocation command line was

  $ ./configure 

## --------- ##
## Platform. ##
## --------- ##

hostname = lenovo
uname -m = x86_64
uname -r = 4.9.0-0.bpo.2-amd64
uname -s = Linux
uname -v = #1 SMP Debian 4.9.18-1~bpo8+1 (2017-04-10)

/usr/bin/uname -p = unknown
/bin/uname -X     = unknown

/bin/arch              = unknown
/usr/bin/arch -k       = unknown
/usr/convex/getsysinfo = unknown
/usr/bin/hostinfo      = unknown
/bin/machine           = unknown
/usr/bin/oslevel       = unknown
/bin/universe          = unknown

PATH: /home/ale/contacts/bin
PATH: /home/ale/.calcurse/bin
PATH: /home/ale/.dotfiles/bin
PATH: /home/ale/bin
PATH: /home/ale/.local/bin
PATH: /home/ale/local/bin
PATH: /usr/local/bin
PATH: /usr/bin
PATH: /bin
PATH: /usr/local/games
PATH: /usr/games
PATH: /home/ale/software/tg/bin/
PATH: /home/ale/.local/go/bin
PATH: /home/ale/node_modules/.bin/


## ----------- ##
## Core tests. ##
## ----------- ##

configure:1778: checking build system type
configure:1796: result: x86_64-unknown-linux-gnu
configure:1818: checking host system type
configure:1833: result: x86_64-unknown-linux-gnu
configure:1855: checking target system type
configure:1870: result: x86_64-unknown-linux-gnu
configure:1913: checking for a BSD-compatible install
configure:1969: result: /usr/bin/install -c
configure:1980: checking whether build environment is sane
configure:2023: result: yes
configure:2038: checking whether make sets $(MAKE)
configure:2059: result: yes
configure:2091: checking for working aclocal-1.4
configure:2102: result: missing
configure:2106: checking for working autoconf
configure:2113: result: found
configure:2121: checking for working automake-1.4
configure:2132: result: missing
configure:2136: checking for working autoheader
configure:2143: result: found
configure:2151: checking for working makeinfo
configure:2158: result: found
configure:2222: checking for gcc
configure:2238: found /usr/bin/gcc
configure:2249: result: gcc
configure:2487: checking for C compiler version
configure:2494: gcc --version >&5
gcc (Debian 4.9.2-10) 4.9.2
Copyright (C) 2014 Free Software Foundation, Inc.
This is free software; see the source for copying conditions.  There is NO
warranty; not even for MERCHANTABILITY or FITNESS FOR A PARTICULAR PURPOSE.

configure:2497: $? = 0
configure:2504: gcc -v >&5
Using built-in specs.
COLLECT_GCC=gcc
COLLECT_LTO_WRAPPER=/usr/lib/gcc/x86_64-linux-gnu/4.9/lto-wrapper
Target: x86_64-linux-gnu
Configured with: ../src/configure -v --with-pkgversion='Debian 4.9.2-10' --with-bugurl=file:///usr/share/doc/gcc-4.9/README.Bugs --enable-languages=c,c++,java,go,d,fortran,objc,obj-c++ --prefix=/usr --program-suffix=-4.9 --enable-shared --enable-linker-build-id --libexecdir=/usr/lib --without-included-gettext --enable-threads=posix --with-gxx-include-dir=/usr/include/c++/4.9 --libdir=/usr/lib --enable-nls --with-sysroot=/ --enable-clocale=gnu --enable-libstdcxx-debug --enable-libstdcxx-time=yes --enable-gnu-unique-object --disable-vtable-verify --enable-plugin --with-system-zlib --disable-browser-plugin --enable-java-awt=gtk --enable-gtk-cairo --with-java-home=/usr/lib/jvm/java-1.5.0-gcj-4.9-amd64/jre --enable-java-home --with-jvm-root-dir=/usr/lib/jvm/java-1.5.0-gcj-4.9-amd64 --with-jvm-jar-dir=/usr/lib/jvm-exports/java-1.5.0-gcj-4.9-amd64 --with-arch-directory=amd64 --with-ecj-jar=/usr/share/java/eclipse-ecj.jar --enable-objc-gc --enable-multiarch --with-arch-32=i586 --with-abi=m64 --with-multilib-list=m32,m64,mx32 --enable-multilib --with-tune=generic --enable-checking=release --build=x86_64-linux-gnu --host=x86_64-linux-gnu --target=x86_64-linux-gnu
Thread model: posix
gcc version 4.9.2 (Debian 4.9.2-10) 
configure:2507: $? = 0
configure:2514: gcc -V >&5
gcc: error: unrecognized command line option '-V'
gcc: fatal error: no input files
compilation terminated.
configure:2517: $? = 4
configure:2540: checking for C compiler default output file name
configure:2567: gcc    conftest.c  >&5
configure:2570: $? = 0
configure:2608: result: a.out
configure:2625: checking whether the C compiler works
configure:2635: ./a.out
configure:2638: $? = 0
configure:2655: result: yes
configure:2662: checking whether we are cross compiling
configure:2664: result: no
configure:2667: checking for suffix of executables
configure:2674: gcc -o conftest    conftest.c  >&5
configure:2677: $? = 0
configure:2701: result: 
configure:2707: checking for suffix of object files
configure:2733: gcc -c   conftest.c >&5
configure:2736: $? = 0
configure:2759: result: o
configure:2763: checking whether we are using the GNU C compiler
configure:2792: gcc -c   conftest.c >&5
configure:2798: $? = 0
configure:2815: result: yes
configure:2820: checking whether gcc accepts -g
configure:2850: gcc -c -g  conftest.c >&5
configure:2856: $? = 0
configure:2955: result: yes
configure:2972: checking for gcc option to accept ISO C89
configure:3046: gcc  -c -g -O2  conftest.c >&5
configure:3052: $? = 0
configure:3075: result: none needed
configure:3106: checking for a BSD-compatible install
configure:3162: result: /usr/bin/install -c
configure:3181: checking how to run the C preprocessor
configure:3221: gcc -E  conftest.c
configure:3227: $? = 0
configure:3258: gcc -E  conftest.c
conftest.c:10:28: fatal error: ac_nonexistent.h: No such file or directory
 #include <ac_nonexistent.h>
                            ^
compilation terminated.
configure:3264: $? = 1
configure: failed program was:
| /* confdefs.h.  */
| #define PACKAGE_NAME ""
| #define PACKAGE_TARNAME ""
| #define PACKAGE_VERSION ""
| #define PACKAGE_STRING ""
| #define PACKAGE_BUGREPORT ""
| #define PACKAGE "xmakemol"
| #define VERSION "5.16"
| /* end confdefs.h.  */
| #include <ac_nonexistent.h>
configure:3297: result: gcc -E
configure:3326: gcc -E  conftest.c
configure:3332: $? = 0
configure:3363: gcc -E  conftest.c
conftest.c:10:28: fatal error: ac_nonexistent.h: No such file or directory
 #include <ac_nonexistent.h>
                            ^
compilation terminated.
configure:3369: $? = 1
configure: failed program was:
| /* confdefs.h.  */
| #define PACKAGE_NAME ""
| #define PACKAGE_TARNAME ""
| #define PACKAGE_VERSION ""
| #define PACKAGE_STRING ""
| #define PACKAGE_BUGREPORT ""
| #define PACKAGE "xmakemol"
| #define VERSION "5.16"
| /* end confdefs.h.  */
| #include <ac_nonexistent.h>
configure:3407: checking for X
configure:3577: gcc -o conftest -g -O2   conftest.c -lX11  >&5
configure:3583: $? = 0
configure:3642: result: libraries , headers 
configure:3803: gcc -o conftest -g -O2   conftest.c   -lX11 >&5
configure:3809: $? = 0
configure:3966: checking for gethostbyname
configure:4022: gcc -o conftest -g -O2   conftest.c  >&5
configure:4028: $? = 0
configure:4045: result: yes
configure:4190: checking for connect
configure:4246: gcc -o conftest -g -O2   conftest.c  >&5
configure:4252: $? = 0
configure:4269: result: yes
configure:4341: checking for remove
configure:4397: gcc -o conftest -g -O2   conftest.c  >&5
configure:4403: $? = 0
configure:4420: result: yes
configure:4492: checking for shmat
configure:4548: gcc -o conftest -g -O2   conftest.c  >&5
configure:4554: $? = 0
configure:4571: result: yes
configure:4652: checking for IceConnectionNumber in -lICE
configure:4687: gcc -o conftest -g -O2   conftest.c -lICE   >&5
configure:4693: $? = 0
configure:4711: result: yes
configure:4737: checking for Motif
configure:4779: gcc -c  -g -O2   conftest.c >&5
configure:4785: $? = 0
configure:4881: gcc -o conftest  -g -O2     conftest.c  -lSM -lICE -lXm -lXt -lX11   >&5
configure:4887: $? = 0
configure:4969: result: libraries in default path, headers in default path
configure:4999: checking for Xpm
configure:5044: gcc -c  -g -O2   conftest.c >&5
conftest.c:11:21: fatal error: X11/xpm.h: No such file or directory
 #include <X11/xpm.h>
                     ^
compilation terminated.
configure:5050: $? = 1
configure: failed program was:
| /* confdefs.h.  */
| #define PACKAGE_NAME ""
| #define PACKAGE_TARNAME ""
| #define PACKAGE_VERSION ""
| #define PACKAGE_STRING ""
| #define PACKAGE_BUGREPORT ""
| #define PACKAGE "xmakemol"
| #define VERSION "5.16"
| /* end confdefs.h.  */
| 
| #include <X11/xpm.h>
| 
| int
| main ()
| {
| int a;
|   ;
|   return 0;
| }
configure:5146: gcc -o conftest  -g -O2     conftest.c  -lSM -lICE -lXpm -lXt -lX11   >&5
conftest.c:12:21: fatal error: X11/xpm.h: No such file or directory
 #include <X11/xpm.h>
                     ^
compilation terminated.
configure:5152: $? = 1
configure: failed program was:
| /* confdefs.h.  */
| #define PACKAGE_NAME ""
| #define PACKAGE_TARNAME ""
| #define PACKAGE_VERSION ""
| #define PACKAGE_STRING ""
| #define PACKAGE_BUGREPORT ""
| #define PACKAGE "xmakemol"
| #define VERSION "5.16"
| /* end confdefs.h.  */
| 
| #include <X11/Intrinsic.h>
| #include <X11/xpm.h>
| 
| int
| main ()
| {
| XtToolkitInitialize();
|   ;
|   return 0;
| }
found libXpm from /usr/lib/x86_64-linux-gnu
configure:5246: result: libraries (none), headers (none)
configure:5264: checking for XOpenDisplay in -lX11
configure:5299: gcc -o conftest -g -O2      conftest.c -lX11  -lSM -lICE   >&5
configure:5305: $? = 0
configure:5323: result: yes
configure:5345: checking for XShapeQueryVersion in -lXext
configure:5380: gcc -o conftest -g -O2      conftest.c -lXext  -lSM -lICE -lX11   >&5
configure:5386: $? = 0
configure:5404: result: yes
configure:5413: checking for XGetExtensionVersion in -lXi
configure:5448: gcc -o conftest -g -O2      conftest.c -lXi  -lSM -lICE -lX11   >&5
configure:5454: $? = 0
configure:5472: result: yes
configure:5481: checking for XtToolkitInitialize in -lXt
configure:5516: gcc -o conftest -g -O2      conftest.c -lXt  -lSM -lICE -lX11   >&5
configure:5522: $? = 0
configure:5540: result: yes
configure:5560: checking for XmRepTypeInstallTearOffModelConverter in -lXm
configure:5595: gcc -o conftest -g -O2      conftest.c -lXm  -lSM -lICE  -lXext -lXt -lXi -lX11   >&5
configure:5601: $? = 0
configure:5619: result: yes
configure:5649: checking for pow in -lm
configure:5684: gcc -o conftest -g -O2      conftest.c -lm    >&5
conftest.c:18:6: warning: conflicting types for built-in function 'pow'
 char pow ();
      ^
configure:5690: $? = 0
configure:5708: result: yes
configure:5781: checking whether OpenGL library is available
configure:5817: gcc -o conftest -g -O2        conftest.c -lMesaGL   -lm -lm >&5
/usr/bin/ld: cannot find -lMesaGL
collect2: error: ld returned 1 exit status
configure:5823: $? = 1
configure: failed program was:
| /* confdefs.h.  */
| #define PACKAGE_NAME ""
| #define PACKAGE_TARNAME ""
| #define PACKAGE_VERSION ""
| #define PACKAGE_STRING ""
| #define PACKAGE_BUGREPORT ""
| #define PACKAGE "xmakemol"
| #define VERSION "5.16"
| #define HAVE_MOTIF 1
| /* end confdefs.h.  */
| 
| 		#if HAVE_WINDOWS_H
| 		#include <windows.h>
| 		#endif /* HAVE_WINDOWS_H */
| 	 	#include <GL/gl.h>
| 
| int
| main ()
| {
| glPointSize(1.0f);
|   ;
|   return 0;
| }
configure:5817: gcc -o conftest -g -O2        conftest.c -lGL   -lm -lm >&5
configure:5823: $? = 0
configure:5843: result: -lGL
configure:6096: checking whether GLU is available
configure:6137: gcc -o conftest -g -O2          conftest.c    -lm -lGL >&5
/tmp/ccnQFrLd.o: In function `main':
/home/ale/Downloads/xmakemol-5.16/conftest.c:22: undefined reference to `gluSphere'
collect2: error: ld returned 1 exit status
configure:6143: $? = 1
configure: failed program was:
| /* confdefs.h.  */
| #define PACKAGE_NAME ""
| #define PACKAGE_TARNAME ""
| #define PACKAGE_VERSION ""
| #define PACKAGE_STRING ""
| #define PACKAGE_BUGREPORT ""
| #define PACKAGE "xmakemol"
| #define VERSION "5.16"
| #define HAVE_MOTIF 1
| /* end confdefs.h.  */
| 
| #if HAVE_WINDOWS_H
| #include <windows.h>
| #endif /* HAVE_WINDOWS_H */
| #include <GL/gl.h>
| #include <GL/glu.h>
| 
| int
| main ()
| {
| 
| gluSphere(0L, 1.0, 1, 1);
| 
|   ;
|   return 0;
| }
configure:6137: gcc -o conftest -g -O2          conftest.c -lMesaGLU   -lm -lGL >&5
/usr/bin/ld: cannot find -lMesaGLU
collect2: error: ld returned 1 exit status
configure:6143: $? = 1
configure: failed program was:
| /* confdefs.h.  */
| #define PACKAGE_NAME ""
| #define PACKAGE_TARNAME ""
| #define PACKAGE_VERSION ""
| #define PACKAGE_STRING ""
| #define PACKAGE_BUGREPORT ""
| #define PACKAGE "xmakemol"
| #define VERSION "5.16"
| #define HAVE_MOTIF 1
| /* end confdefs.h.  */
| 
| #if HAVE_WINDOWS_H
| #include <windows.h>
| #endif /* HAVE_WINDOWS_H */
| #include <GL/gl.h>
| #include <GL/glu.h>
| 
| int
| main ()
| {
| 
| gluSphere(0L, 1.0, 1, 1);
| 
|   ;
|   return 0;
| }
configure:6137: gcc -o conftest -g -O2          conftest.c -lGLU   -lm -lGL >&5
configure:6143: $? = 0
configure:6163: result: -lGLU
configure:6206: checking for a GL widget
configure:6242: gcc -o conftest -g -O2            conftest.c -lGLwM   -lm  -lX11 -lXt   -lSM -lICE -lXm -lGL -lGLU -lm >&5
/usr/bin/ld: cannot find -lGLwM
collect2: error: ld returned 1 exit status
configure:6248: $? = 1
configure: failed program was:
| /* confdefs.h.  */
| #define PACKAGE_NAME ""
| #define PACKAGE_TARNAME ""
| #define PACKAGE_VERSION ""
| #define PACKAGE_STRING ""
| #define PACKAGE_BUGREPORT ""
| #define PACKAGE "xmakemol"
| #define VERSION "5.16"
| #define HAVE_MOTIF 1
| /* end confdefs.h.  */
| #include <X11/Intrinsic.h>
| 			 #include <GL/GLwMDrawA.h>
|         		extern WidgetClass glwMDrawingAreaWidgetClass;
| int
| main ()
| {
| Widget glxManager = NULL;
|         		Widget glxWidget = XtVaCreateManagedWidget("GLWidget",
|           		glwMDrawingAreaWidgetClass, glxManager, NULL);
|   ;
|   return 0;
| }
configure:6242: gcc -o conftest -g -O2            conftest.c -lGLw   -lm  -lX11 -lXt   -lSM -lICE -lXm -lGL -lGLU -lm >&5
configure:6248: $? = 0
configure:6269: result: glwMDrawingAreaWidgetClass GLwMDrawA.h GLw
configure:6279: checking the GLwMDrawA.h header location
configure:6301: gcc -E      conftest.c
conftest.c:12:41: fatal error: X11/GLw/GLwMDrawA.h: No such file or directory
           #include <X11/GLw/GLwMDrawA.h>
                                         ^
compilation terminated.
configure:6307: $? = 1
configure: failed program was:
| /* confdefs.h.  */
| #define PACKAGE_NAME ""
| #define PACKAGE_TARNAME ""
| #define PACKAGE_VERSION ""
| #define PACKAGE_STRING ""
| #define PACKAGE_BUGREPORT ""
| #define PACKAGE "xmakemol"
| #define VERSION "5.16"
| #define HAVE_MOTIF 1
| /* end confdefs.h.  */
| #include <X11/Intrinsic.h>
|           #include <X11/GLw/GLwMDrawA.h>
configure:6301: gcc -E      conftest.c
configure:6307: $? = 0
configure:6324: result: GL
configure:6374: checking for grep that handles long lines and -e
configure:6448: result: /bin/grep
configure:6453: checking for egrep
configure:6531: result: /bin/grep -E
configure:6536: checking for ANSI C header files
configure:6566: gcc -c -g -O2       conftest.c >&5
configure:6572: $? = 0
configure:6671: gcc -o conftest -g -O2            conftest.c   -lm >&5
configure:6674: $? = 0
configure:6680: ./conftest
configure:6683: $? = 0
configure:6700: result: yes
configure:6724: checking for sys/types.h
configure:6745: gcc -c -g -O2       conftest.c >&5
configure:6751: $? = 0
configure:6767: result: yes
configure:6724: checking for sys/stat.h
configure:6745: gcc -c -g -O2       conftest.c >&5
configure:6751: $? = 0
configure:6767: result: yes
configure:6724: checking for stdlib.h
configure:6745: gcc -c -g -O2       conftest.c >&5
configure:6751: $? = 0
configure:6767: result: yes
configure:6724: checking for string.h
configure:6745: gcc -c -g -O2       conftest.c >&5
configure:6751: $? = 0
configure:6767: result: yes
configure:6724: checking for memory.h
configure:6745: gcc -c -g -O2       conftest.c >&5
configure:6751: $? = 0
configure:6767: result: yes
configure:6724: checking for strings.h
configure:6745: gcc -c -g -O2       conftest.c >&5
configure:6751: $? = 0
configure:6767: result: yes
configure:6724: checking for inttypes.h
configure:6745: gcc -c -g -O2       conftest.c >&5
configure:6751: $? = 0
configure:6767: result: yes
configure:6724: checking for stdint.h
configure:6745: gcc -c -g -O2       conftest.c >&5
configure:6751: $? = 0
configure:6767: result: yes
configure:6724: checking for unistd.h
configure:6745: gcc -c -g -O2       conftest.c >&5
configure:6751: $? = 0
configure:6767: result: yes
configure:6804: checking GL/glut.h usability
configure:6821: gcc -c -g -O2        conftest.c >&5
configure:6827: $? = 0
configure:6841: result: yes
configure:6845: checking GL/glut.h presence
configure:6860: gcc -E       conftest.c
configure:6866: $? = 0
configure:6880: result: yes
configure:6908: checking for GL/glut.h
configure:6915: result: yes
configure:6954: checking for ANSI C header files
configure:7118: result: yes
configure:7133: checking for unistd.h
configure:7139: result: yes
configure:7269: checking for an ANSI C-conforming const
configure:7344: gcc -c -g -O2       conftest.c >&5
configure:7350: $? = 0
configure:7365: result: yes
configure:7378: checking for working alloca.h
configure:7405: gcc -o conftest -g -O2             conftest.c   -lm >&5
configure:7411: $? = 0
configure:7428: result: yes
configure:7438: checking for alloca
configure:7485: gcc -o conftest -g -O2             conftest.c   -lm >&5
configure:7491: $? = 0
configure:7508: result: yes
configure:7741: checking for ftime
configure:7797: gcc -o conftest -g -O2             conftest.c   -lm >&5
configure:7803: $? = 0
configure:7821: result: yes
configure:7741: checking for strstr
configure:7797: gcc -o conftest -g -O2             conftest.c   -lm >&5
conftest.c:52:6: warning: conflicting types for built-in function 'strstr'
 char strstr ();
      ^
configure:7803: $? = 0
configure:7821: result: yes
configure:7741: checking for usleep
configure:7797: gcc -o conftest -g -O2             conftest.c   -lm >&5
configure:7803: $? = 0
configure:7821: result: yes
configure:7934: creating ./config.status

## ---------------------- ##
## Running config.status. ##
## ---------------------- ##

This file was extended by config.status, which was
generated by GNU Autoconf 2.61.  Invocation command line was

  CONFIG_FILES    = 
  CONFIG_HEADERS  = 
  CONFIG_LINKS    = 
  CONFIG_COMMANDS = 
  $ ./config.status 

on lenovo

config.status:639: creating Makefile
config.status:774: WARNING:  Makefile.in seems to ignore the --datarootdir setting
config.status:639: creating config.h
config.status:883: executing default-1 commands

## ---------------- ##
## Cache variables. ##
## ---------------- ##

ac_cv_build=x86_64-unknown-linux-gnu
ac_cv_c_compiler_gnu=yes
ac_cv_c_const=yes
ac_cv_env_CC_set=
ac_cv_env_CC_value=
ac_cv_env_CFLAGS_set=
ac_cv_env_CFLAGS_value=
ac_cv_env_CPPFLAGS_set=
ac_cv_env_CPPFLAGS_value=
ac_cv_env_CPP_set=
ac_cv_env_CPP_value=
ac_cv_env_LDFLAGS_set=
ac_cv_env_LDFLAGS_value=
ac_cv_env_LIBS_set=
ac_cv_env_LIBS_value=
ac_cv_env_XMKMF_set=
ac_cv_env_XMKMF_value=
ac_cv_env_build_alias_set=
ac_cv_env_build_alias_value=
ac_cv_env_host_alias_set=
ac_cv_env_host_alias_value=
ac_cv_env_target_alias_set=
ac_cv_env_target_alias_value=
ac_cv_func_alloca_works=yes
ac_cv_func_connect=yes
ac_cv_func_ftime=yes
ac_cv_func_gethostbyname=yes
ac_cv_func_remove=yes
ac_cv_func_shmat=yes
ac_cv_func_strstr=yes
ac_cv_func_usleep=yes
ac_cv_have_x='have_x=yes	ac_x_includes='\'''\''	ac_x_libraries='\'''\'''
ac_cv_header_GL_glut_h=yes
ac_cv_header_inttypes_h=yes
ac_cv_header_memory_h=yes
ac_cv_header_stdc=yes
ac_cv_header_stdint_h=yes
ac_cv_header_stdlib_h=yes
ac_cv_header_string_h=yes
ac_cv_header_strings_h=yes
ac_cv_header_sys_stat_h=yes
ac_cv_header_sys_types_h=yes
ac_cv_header_unistd_h=yes
ac_cv_host=x86_64-unknown-linux-gnu
ac_cv_lib_ICE_IceConnectionNumber=yes
ac_cv_lib_X11_XOpenDisplay=yes
ac_cv_lib_Xext_XShapeQueryVersion=yes
ac_cv_lib_Xi_XGetExtensionVersion=yes
ac_cv_lib_Xm_XmRepTypeInstallTearOffModelConverter=yes
ac_cv_lib_Xt_XtToolkitInitialize=yes
ac_cv_lib_glut=yes
ac_cv_lib_m_pow=yes
ac_cv_objext=o
ac_cv_path_EGREP='/bin/grep -E'
ac_cv_path_GREP=/bin/grep
ac_cv_path_install='/usr/bin/install -c'
ac_cv_prog_CPP='gcc -E'
ac_cv_prog_ac_ct_CC=gcc
ac_cv_prog_cc_c89=
ac_cv_prog_cc_g=yes
ac_cv_prog_make_make_set=yes
ac_cv_target=x86_64-unknown-linux-gnu
ac_cv_working_alloca_h=yes
ice_cv_motif_includes=
ice_cv_motif_libraries=
ice_cv_xpm_includes=no
ice_cv_xpm_libraries=/usr/lib/x86_64-linux-gnu
sim_cv_lib_gl=-lGL
sim_cv_lib_glu=-lGLU
sim_cv_motif_glwidget='glwMDrawingAreaWidgetClass GLwMDrawA.h GLw'
sim_cv_motif_glwidget_hdrloc=GL

## ----------------- ##
## Output variables. ##
## ----------------- ##

ACLOCAL='/home/ale/Downloads/xmakemol-5.16/missing aclocal-1.4'
ALLOCA=''
AUTOCONF='autoconf'
AUTOHEADER='autoheader'
AUTOMAKE='/home/ale/Downloads/xmakemol-5.16/missing automake-1.4'
CC='gcc'
CFLAGS='-g -O2 '
CPP='gcc -E'
CPPFLAGS='    '
DEFS='-DHAVE_CONFIG_H'
ECHO_C=''
ECHO_N='-n'
ECHO_T=''
EGREP='/bin/grep -E'
EXEEXT=''
GL_LIBS='-lGL -lGLU -lGLw -lglut'
GREP='/bin/grep'
INSTALL_DATA='${INSTALL} -m 644'
INSTALL_PROGRAM='${INSTALL}'
INSTALL_SCRIPT='${INSTALL}'
LDFLAGS='     '
LIBOBJS=''
LIBS='  -lm'
LTLIBOBJS=''
MAKEINFO='makeinfo'
OBJEXT='o'
PACKAGE='xmakemol'
PACKAGE_BUGREPORT=''
PACKAGE_NAME=''
PACKAGE_STRING=''
PACKAGE_TARNAME=''
PACKAGE_VERSION=''
PATH_SEPARATOR=':'
SET_MAKE=''
SHELL='/bin/bash'
VERSION='5.16'
X11_LIBS='-lX11'
XEXT_LIBS='-lXext'
XI_LIBS='-lXi'
XMKMF=''
XM_LIBS='-lXm'
XPM_LIBS=''
XT_LIBS='-lXt'
X_CFLAGS=''
X_EXTRA_LIBS=''
X_LIBS=''
X_PRE_LIBS=' -lSM -lICE'
ac_ct_CC='gcc'
bindir='${exec_prefix}/bin'
build='x86_64-unknown-linux-gnu'
build_alias=''
build_cpu='x86_64'
build_os='linux-gnu'
build_vendor='unknown'
datadir='${datarootdir}'
datarootdir='${prefix}/share'
docdir='${datarootdir}/doc/${PACKAGE}'
dvidir='${docdir}'
exec_prefix='${prefix}'
host='x86_64-unknown-linux-gnu'
host_alias=''
host_cpu='x86_64'
host_os='linux-gnu'
host_vendor='unknown'
htmldir='${docdir}'
includedir='${prefix}/include'
infodir='${datarootdir}/info'
libdir='${exec_prefix}/lib'
libexecdir='${exec_prefix}/libexec'
localedir='${datarootdir}/locale'
localstatedir='${prefix}/var'
mandir='${datarootdir}/man'
oldincludedir='/usr/include'
pdfdir='${docdir}'
prefix='/usr/local'
program_transform_name='s,x,x,'
psdir='${docdir}'
sbindir='${exec_prefix}/sbin'
sharedstatedir='${prefix}/com'
sysconfdir='${prefix}/etc'
target='x86_64-unknown-linux-gnu'
target_alias=''
target_cpu='x86_64'
target_os='linux-gnu'
target_vendor='unknown'

## ----------- ##
## confdefs.h. ##
## ----------- ##

#define PACKAGE_NAME ""
#define PACKAGE_TARNAME ""
#define PACKAGE_VERSION ""
#define PACKAGE_STRING ""
#define PACKAGE_BUGREPORT ""
#define PACKAGE "xmakemol"
#define VERSION "5.16"
#define HAVE_MOTIF 1
#define HAVE_GL_GLWMDRAWA_H 1
#define XT_GLWIDGET glwMDrawingAreaWidgetClass
#define STDC_HEADERS 1
#define HAVE_SYS_TYPES_H 1
#define HAVE_SYS_STAT_H 1
#define HAVE_STDLIB_H 1
#define HAVE_STRING_H 1
#define HAVE_MEMORY_H 1
#define HAVE_STRINGS_H 1
#define HAVE_INTTYPES_H 1
#define HAVE_STDINT_H 1
#define HAVE_UNISTD_H 1
#define GL 1
#define STDC_HEADERS 1
#define HAVE_UNISTD_H 1
#define HAVE_ALLOCA_H 1
#define HAVE_ALLOCA 1
#define HAVE_FTIME 1
#define HAVE_STRSTR 1
#define HAVE_USLEEP 1

configure: exit 0
